<?xml version="1.0" encoding="UTF-8"?>
<!-- Generated by org.testng.reporters.JUnitReportReporter -->
<testsuite hostname="TYSS-Ayesha" failures="0" tests="3" name="TestNG.WorkingWithInvocationCount" time="0.016" errors="0" timestamp="2024-01-18T12:20:50 IST" skipped="0">
  <testcase classname="TestNG.WorkingWithInvocationCount" name="Registration" time="0.010"/>
  <system-out/>
  <testcase classname="TestNG.WorkingWithInvocationCount" name="Registration" time="0.003"/>
  <system-out/>
  <testcase classname="TestNG.WorkingWithInvocationCount" name="Registration" time="0.003"/>
  <system-out/>
</testsuite> <!-- TestNG.WorkingWithInvocationCount -->
