<?xml version="1.0" encoding="UTF-8"?>
<!-- Generated by org.testng.reporters.JUnitReportReporter -->
<testsuite hostname="TYSS-Ayesha" failures="0" tests="5" name="TestNG.WorkingwithEnabled" time="0.022" errors="0" timestamp="2024-01-18T12:09:07 IST" skipped="1">
  <testcase classname="TestNG.WorkingwithEnabled" name="Registration" time="0.017"/>
  <system-out/>
  <testcase classname="TestNG.WorkingwithEnabled" name="Login" time="0.001"/>
  <system-out/>
  <testcase classname="TestNG.WorkingwithEnabled" name="placeOrder" time="0.002"/>
  <system-out/>
  <testcase classname="TestNG.WorkingwithEnabled" name="logout" time="0.002"/>
  <system-out/>
  <testcase classname="TestNG.WorkingwithEnabled" name="addtocart">
    <skipped/>
  </testcase> <!-- addtocart -->
  <system-out/>
</testsuite> <!-- TestNG.WorkingwithEnabled -->
