<?xml version="1.0" encoding="UTF-8"?>
<!-- Generated by org.testng.reporters.JUnitReportReporter -->
<testsuite hostname="TYSS-Ayesha" failures="0" tests="1" name="TestNG.workingwithTestNG" time="0.013" errors="0" timestamp="2024-01-18T11:46:12 IST" skipped="0">
  <testcase classname="TestNG.workingwithTestNG" name="testcase" time="0.013"/>
  <system-out/>
</testsuite> <!-- TestNG.workingwithTestNG -->
