<?xml version="1.0" encoding="UTF-8"?>
<!-- Generated by org.testng.reporters.JUnitReportReporter -->
<testsuite hostname="TYSS-Ayesha" failures="0" tests="5" name="TestNG.workingwithMultipleAnnotation" time="0.020" errors="0" timestamp="2024-01-18T12:02:48 IST" skipped="0">
  <testcase classname="TestNG.workingwithMultipleAnnotation" name="Registration" time="0.012"/>
  <system-out/>
  <testcase classname="TestNG.workingwithMultipleAnnotation" name="Login" time="0.002"/>
  <system-out/>
  <testcase classname="TestNG.workingwithMultipleAnnotation" name="addtocart" time="0.002"/>
  <system-out/>
  <testcase classname="TestNG.workingwithMultipleAnnotation" name="placeOrder" time="0.002"/>
  <system-out/>
  <testcase classname="TestNG.workingwithMultipleAnnotation" name="logout" time="0.002"/>
  <system-out/>
</testsuite> <!-- TestNG.workingwithMultipleAnnotation -->
