<?xml version="1.0" encoding="UTF-8"?>
<!-- Generated by org.testng.reporters.JUnitReportReporter -->
<testsuite hostname="TYSS-Ayesha" failures="0" tests="1" name="TestNG.workingwithParameterized" time="6.899" errors="0" timestamp="2024-01-22T10:35:18 IST" skipped="0">
  <testcase classname="TestNG.workingwithParameterized" name="testcase" time="6.899"/>
  <system-out/>
</testsuite> <!-- TestNG.workingwithParameterized -->
