<?xml version="1.0" encoding="UTF-8"?>
<!-- Generated by org.testng.reporters.JUnitReportReporter -->
<testsuite hostname="TYSS-Ayesha" failures="0" tests="4" name="TestNG.WorkingWithDataProvider" time="38.596" errors="0" timestamp="2024-01-22T11:01:54 IST" skipped="0">
  <testcase classname="TestNG.WorkingWithDataProvider" name="testcase" time="9.392"/>
  <system-out/>
  <testcase classname="TestNG.WorkingWithDataProvider" name="testcase" time="10.908"/>
  <system-out/>
  <testcase classname="TestNG.WorkingWithDataProvider" name="testcase" time="9.276"/>
  <system-out/>
  <testcase classname="TestNG.WorkingWithDataProvider" name="testcase" time="9.020"/>
  <system-out/>
</testsuite> <!-- TestNG.WorkingWithDataProvider -->
