<?xml version="1.0" encoding="UTF-8"?>
<!-- Generated by org.testng.reporters.JUnitReportReporter -->
<testsuite hostname="TYSS-Ayesha" failures="0" tests="2" name="TestNG.WorkingwithDepandsOnMethod" time="0.011" errors="0" timestamp="2024-01-18T12:16:39 IST" skipped="0">
  <testcase classname="TestNG.WorkingwithDepandsOnMethod" name="bLogin" time="0.010"/>
  <system-out/>
  <testcase classname="TestNG.WorkingwithDepandsOnMethod" name="aplaceOrder" time="0.001"/>
  <system-out/>
</testsuite> <!-- TestNG.WorkingwithDepandsOnMethod -->
